(0000) 2600  0010011000000000 (   6)                 .ORIG x2600
(2600) 5260  0101001001100000 (   7)                 AND   R1 R1 #0
(2601) B222  1011001000100010 (   8)                 STI   R1 dest
(2602) A020  1010000000100000 (  10)                 LDI   R0 KBSR
(2603) 041D  0000010000011101 (  11)                 BRZ   exitisr
(2604) A21D  1010001000011101 (  13)                 LDI   R1 KBDR
(2605) 241F  0010010000011111 (  15)                 LD    R2 inA
(2606) 94BF  1001010010111111 (  16)                 NOT   R2 R2
(2607) 14A1  0001010010100001 (  17)                 ADD   R2 R2 #1
(2608) 1481  0001010010000001 (  18)                 ADD   R2 R2 R1
(2609) 0A02  0000101000000010 (  19)                 BRNP  checkU
(260A) B219  1011001000011001 (  20)                 STI   R1 dest
(260B) 0E15  0000111000010101 (  21)                 BRNZP exitisr
(260C) 2419  0010010000011001 (  23) checkU          LD    R2 inU
(260D) 94BF  1001010010111111 (  24)                 NOT   R2 R2
(260E) 14A1  0001010010100001 (  25)                 ADD   R2 R2 #1
(260F) 1481  0001010010000001 (  26)                 ADD   R2 R2 R1
(2610) 0A02  0000101000000010 (  27)                 BRNP  checkC
(2611) B212  1011001000010010 (  28)                 STI   R1 dest
(2612) 0E0E  0000111000001110 (  29)                 BRNZP exitisr
(2613) 2413  0010010000010011 (  31) checkC          LD    R2 inC
(2614) 94BF  1001010010111111 (  32)                 NOT   R2 R2
(2615) 14A1  0001010010100001 (  33)                 ADD   R2 R2 #1
(2616) 1481  0001010010000001 (  34)                 ADD   R2 R2 R1
(2617) 0A02  0000101000000010 (  35)                 BRNP  checkG
(2618) B20B  1011001000001011 (  36)                 STI   R1 dest
(2619) 0E07  0000111000000111 (  37)                 BRNZP exitisr
(261A) 240D  0010010000001101 (  39) checkG          LD    R2 inG
(261B) 94BF  1001010010111111 (  40)                 NOT   R2 R2
(261C) 14A1  0001010010100001 (  41)                 ADD   R2 R2 #1
(261D) 1481  0001010010000001 (  42)                 ADD   R2 R2 R1
(261E) 0A02  0000101000000010 (  43)                 BRNP  exitisr
(261F) B204  1011001000000100 (  44)                 STI   R1 dest
(2620) 0E00  0000111000000000 (  45)                 BRNZP exitisr
(2621) 8000  1000000000000000 (  47) exitisr         RTI   
(2622) FE02  1111111000000010 (  49) KBDR            .FILL xFE02
(2623) FE00  1111111000000000 (  50) KBSR            .FILL xFE00
(2624) 4600  0100011000000000 (  51) dest            .FILL x4600
(2625) 0041  0000000001000001 (  52) inA             .FILL x0041
(2626) 0055  0000000001010101 (  53) inU             .FILL x0055
(2627) 0043  0000000001000011 (  54) inC             .FILL x0043
(2628) 0047  0000000001000111 (  55) inG             .FILL x0047
