(0000) 4000  0100000000000000 (   7)                 .ORIG x4000
(4000) 2C6F  0010110001101111 (   9)                 LD    R6 BOS
(4001) 2067  0010000001100111 (  11)                 LD    R0 ISR
(4002) B065  1011000001100101 (  12)                 STI   R0 KBIVE
(4003) 2062  0010000001100010 (  15)                 LD    R0 KBIEN
(4004) B062  1011000001100010 (  16)                 STI   R0 KBSR
(4005) A064  1010000001100100 (  21) loopAs          LDI   R0 data
(4006) 05FE  0000010111111110 (  22)                 BRZ   loopAs
(4007) F021  1111000000100001 (  23)                 TRAP  x21
(4008) 5260  0101001001100000 (  24)                 AND   R1 R1 #0
(4009) B260  1011001001100000 (  25)                 STI   R1 data
(400A) 2260  0010001001100000 (  26)                 LD    R1 bA
(400B) 927F  1001001001111111 (  27)                 NOT   R1 R1
(400C) 1261  0001001001100001 (  28)                 ADD   R1 R1 #1
(400D) 1201  0001001000000001 (  29)                 ADD   R1 R0 R1
(400E) 0BF6  0000101111110110 (  30)                 BRNP  loopAs
(400F) A05A  1010000001011010 (  32) loopUs          LDI   R0 data
(4010) 05FE  0000010111111110 (  33)                 BRZ   loopUs
(4011) F021  1111000000100001 (  34)                 TRAP  x21
(4012) 5260  0101001001100000 (  35)                 AND   R1 R1 #0
(4013) B256  1011001001010110 (  36)                 STI   R1 data
(4014) 2257  0010001001010111 (  37)                 LD    R1 bU
(4015) 927F  1001001001111111 (  38)                 NOT   R1 R1
(4016) 1261  0001001001100001 (  39)                 ADD   R1 R1 #1
(4017) 1201  0001001000000001 (  40)                 ADD   R1 R0 R1
(4018) 0406  0000010000000110 (  41)                 BRZ   loopGs
(4019) 2451  0010010001010001 (  42)                 LD    R2 bA
(401A) 94BF  1001010010111111 (  43)                 NOT   R2 R2
(401B) 14A1  0001010010100001 (  44)                 ADD   R2 R2 #1
(401C) 1280  0001001010000000 (  45)                 ADD   R1 R2 R0
(401D) 05F1  0000010111110001 (  46)                 BRZ   loopUs
(401E) 0BE6  0000101111100110 (  47)                 BRNP  loopAs
(401F) A04A  1010000001001010 (  49) loopGs          LDI   R0 data
(4020) 05FE  0000010111111110 (  50)                 BRZ   loopGs
(4021) F021  1111000000100001 (  51)                 TRAP  x21
(4022) 5260  0101001001100000 (  52)                 AND   R1 R1 #0
(4023) B246  1011001001000110 (  53)                 STI   R1 data
(4024) 2249  0010001001001001 (  54)                 LD    R1 bG
(4025) 927F  1001001001111111 (  55)                 NOT   R1 R1
(4026) 1261  0001001001100001 (  56)                 ADD   R1 R1 #1
(4027) 1201  0001001000000001 (  57)                 ADD   R1 R0 R1
(4028) 0BDC  0000101111011100 (  58)                 BRNP  loopAs
(4029) 2045  0010000001000101 (  60) startseq        LD    R0 pipe
(402A) F021  1111000000100001 (  61)                 TRAP  x21
(402B) A03E  1010000000111110 (  64) loopUq          LDI   R0 data
(402C) 05FE  0000010111111110 (  65)                 BRZ   loopUq
(402D) F021  1111000000100001 (  66)                 TRAP  x21
(402E) 5260  0101001001100000 (  67)                 AND   R1 R1 #0
(402F) B23A  1011001000111010 (  68)                 STI   R1 data
(4030) 223B  0010001000111011 (  69)                 LD    R1 bU
(4031) 927F  1001001001111111 (  70)                 NOT   R1 R1
(4032) 1261  0001001001100001 (  71)                 ADD   R1 R1 #1
(4033) 1201  0001001000000001 (  72)                 ADD   R1 R0 R1
(4034) 0BF6  0000101111110110 (  73)                 BRNP  loopUq
(4035) A034  1010000000110100 (  76) loopAGq         LDI   R0 data
(4036) 05FE  0000010111111110 (  77)                 BRZ   loopAGq
(4037) F021  1111000000100001 (  78)                 TRAP  x21
(4038) 5260  0101001001100000 (  79)                 AND   R1 R1 #0
(4039) B230  1011001000110000 (  80)                 STI   R1 data
(403A) 2230  0010001000110000 (  81)                 LD    R1 bA
(403B) 927F  1001001001111111 (  82)                 NOT   R1 R1
(403C) 1261  0001001001100001 (  83)                 ADD   R1 R1 #1
(403D) 1201  0001001000000001 (  84)                 ADD   R1 R0 R1
(403E) 0406  0000010000000110 (  85)                 BRZ   loopAGAq
(403F) 222E  0010001000101110 (  86)                 LD    R1 bG
(4040) 927F  1001001001111111 (  87)                 NOT   R1 R1
(4041) 1261  0001001001100001 (  88)                 ADD   R1 R1 #1
(4042) 1201  0001001000000001 (  89)                 ADD   R1 R0 R1
(4043) 0411  0000010000010001 (  90)                 BRZ   loopA2q
(4044) 0BE6  0000101111100110 (  91)                 BRNP  loopUq
(4045) A024  1010000000100100 (  94) loopAGAq        LDI   R0 data
(4046) 05FE  0000010111111110 (  95)                 BRZ   loopAGAq
(4047) F021  1111000000100001 (  96)                 TRAP  x21
(4048) 5260  0101001001100000 (  97)                 AND   R1 R1 #0
(4049) B220  1011001000100000 (  98)                 STI   R1 data
(404A) 2220  0010001000100000 (  99)                 LD    R1 bA
(404B) 927F  1001001001111111 ( 100)                 NOT   R1 R1
(404C) 1261  0001001001100001 ( 101)                 ADD   R1 R1 #1
(404D) 1201  0001001000000001 ( 102)                 ADD   R1 R0 R1
(404E) 0416  0000010000010110 ( 103)                 BRZ   exit
(404F) 221E  0010001000011110 ( 104)                 LD    R1 bG
(4050) 927F  1001001001111111 ( 105)                 NOT   R1 R1
(4051) 1261  0001001001100001 ( 106)                 ADD   R1 R1 #1
(4052) 1201  0001001000000001 ( 107)                 ADD   R1 R0 R1
(4053) 0411  0000010000010001 ( 108)                 BRZ   exit
(4054) 0BD6  0000101111010110 ( 109)                 BRNP  loopUq
(4055) A014  1010000000010100 ( 111) loopA2q         LDI   R0 data
(4056) 05FE  0000010111111110 ( 112)                 BRZ   loopA2q
(4057) F021  1111000000100001 ( 113)                 TRAP  x21
(4058) 5260  0101001001100000 ( 114)                 AND   R1 R1 #0
(4059) B210  1011001000010000 ( 115)                 STI   R1 data
(405A) 2210  0010001000010000 ( 116)                 LD    R1 bA
(405B) 927F  1001001001111111 ( 117)                 NOT   R1 R1
(405C) 1261  0001001001100001 ( 118)                 ADD   R1 R1 #1
(405D) 1201  0001001000000001 ( 119)                 ADD   R1 R0 R1
(405E) 0406  0000010000000110 ( 120)                 BRZ   exit
(405F) 220C  0010001000001100 ( 122)                 LD    R1 bU
(4060) 927F  1001001001111111 ( 123)                 NOT   R1 R1
(4061) 1261  0001001001100001 ( 124)                 ADD   R1 R1 #1
(4062) 1201  0001001000000001 ( 125)                 ADD   R1 R0 R1
(4063) 05D1  0000010111010001 ( 126)                 BRZ   loopAGq
(4064) 0BC6  0000101111000110 ( 127)                 BRNP  loopUq
(4065) F025  1111000000100101 ( 129) exit            TRAP  x25
(4066) 4000  0100000000000000 ( 131) KBIEN           .FILL x4000
(4067) FE00  1111111000000000 ( 132) KBSR            .FILL xFE00
(4068) 0180  0000000110000000 ( 133) KBIVE           .FILL x0180
(4069) 2600  0010011000000000 ( 134) ISR             .FILL x2600
(406A) 4600  0100011000000000 ( 135) data            .FILL x4600
(406B) 0041  0000000001000001 ( 136) bA              .FILL x0041
(406C) 0055  0000000001010101 ( 137) bU              .FILL x0055
(406D) 0043  0000000001000011 ( 138) bC              .FILL x0043
(406E) 0047  0000000001000111 ( 139) bG              .FILL x0047
(406F) 007C  0000000001111100 ( 140) pipe            .FILL x007C
(4070) 4000  0100000000000000 ( 141) BOS             .FILL x4000
(4071) 0000  0000000000000000 ( 147) saver4pop       .FILL x0000
